<?xml version="1.0" encoding="UTF-8"?>
<testsuite name="com.IntegrativeProject.ActionFactory.DeviceServiceTest" tests="1" skipped="0" failures="0" errors="0" timestamp="2024-07-25T12:19:50" hostname="DELL-EIMY" time="1.345">
  <properties/>
  <testcase name="noFieldSelected()" classname="com.IntegrativeProject.ActionFactory.DeviceServiceTest" time="1.345"/>
  <system-out><![CDATA[]]></system-out>
  <system-err><![CDATA[]]></system-err>
</testsuite>
